0 info it worked if it ends with ok
1 verbose cli [ '/usr/local/bin/node',
1 verbose cli   '/usr/local/bin/npm',
1 verbose cli   'install',
1 verbose cli   'ngrok',
1 verbose cli   '–save-dev' ]
2 info using npm@3.10.10
3 info using node@v6.11.2
4 silly loadCurrentTree Starting
5 silly install loadCurrentTree
6 silly install readLocalPackageData
7 silly fetchPackageMetaData ngrok
8 silly fetchPackageMetaData –save-dev
9 silly fetchOtherPackageData ngrok
10 silly cache add args [ 'ngrok', null ]
11 verbose cache add spec ngrok
12 silly fetchOtherPackageData –save-dev
13 silly cache add args [ '–save-dev', null ]
14 verbose cache add spec –save-dev
15 silly cache add parsed spec Result {
15 silly cache add   raw: 'ngrok',
15 silly cache add   scope: null,
15 silly cache add   escapedName: 'ngrok',
15 silly cache add   name: null,
15 silly cache add   rawSpec: 'ngrok',
15 silly cache add   spec: '/Users/apple/Downloads/Website Optimization_zh/ngrok',
15 silly cache add   type: 'local' }
16 silly cache add parsed spec Result {
16 silly cache add   raw: '–save-dev',
16 silly cache add   scope: null,
16 silly cache add   escapedName: null,
16 silly cache add   name: null,
16 silly cache add   rawSpec: '–save-dev',
16 silly cache add   spec: '/Users/apple/Downloads/Website Optimization_zh/–save-dev',
16 silly cache add   type: 'local' }
17 error addLocal Could not install /Users/apple/Downloads/Website Optimization_zh/–save-dev
18 silly fetchPackageMetaData Error: ENOENT: no such file or directory, open '/Users/apple/Downloads/Website Optimization_zh/–save-dev'
18 silly fetchPackageMetaData     at Error (native)
18 silly fetchPackageMetaData  error for –save-dev { Error: ENOENT: no such file or directory, open '/Users/apple/Downloads/Website Optimization_zh/–save-dev'
18 silly fetchPackageMetaData     at Error (native)
18 silly fetchPackageMetaData   errno: -2,
18 silly fetchPackageMetaData   code: 'ENOENT',
18 silly fetchPackageMetaData   syscall: 'open',
18 silly fetchPackageMetaData   path: '/Users/apple/Downloads/Website Optimization_zh/–save-dev' }
19 silly addLocalTarball shasum (computed) ac915be673d4d060038e77beba7ec5c8d5754170
20 verbose addTmpTarball /Users/apple/Downloads/Website Optimization_zh/ngrok not in flight; adding
21 verbose correctMkdir /Users/apple/.npm correctMkdir not in flight; initializing
22 verbose addTmpTarball validating metadata from /Users/apple/Downloads/Website Optimization_zh/ngrok
23 verbose tar unpack /Users/apple/Downloads/Website Optimization_zh/ngrok
24 verbose tar unpacking to /var/folders/3q/_qgp311j7sz5884dshbb7k1h0000gn/T/npm-84402-76d78b0d/unpack-aab0dd64
25 silly gentlyRm /var/folders/3q/_qgp311j7sz5884dshbb7k1h0000gn/T/npm-84402-76d78b0d/unpack-aab0dd64 is being purged
26 verbose gentlyRm don't care about contents; nuking /var/folders/3q/_qgp311j7sz5884dshbb7k1h0000gn/T/npm-84402-76d78b0d/unpack-aab0dd64
27 silly gunzTarPerm modes [ '755', '644' ]
28 error not a package /Users/apple/Downloads/Website Optimization_zh/ngrok
29 error addLocal Could not install /Users/apple/Downloads/Website Optimization_zh/ngrok
30 silly fetchPackageMetaData Error: ENOENT: no such file or directory, open '/var/folders/3q/_qgp311j7sz5884dshbb7k1h0000gn/T/npm-84402-76d78b0d/unpack-aab0dd64/package.json'
30 silly fetchPackageMetaData     at Error (native)
30 silly fetchPackageMetaData  error for ngrok { Error: ENOENT: no such file or directory, open '/var/folders/3q/_qgp311j7sz5884dshbb7k1h0000gn/T/npm-84402-76d78b0d/unpack-aab0dd64/package.json'
30 silly fetchPackageMetaData     at Error (native)
30 silly fetchPackageMetaData   errno: -2,
30 silly fetchPackageMetaData   code: 'ENOENT',
30 silly fetchPackageMetaData   syscall: 'open',
30 silly fetchPackageMetaData   path: '/var/folders/3q/_qgp311j7sz5884dshbb7k1h0000gn/T/npm-84402-76d78b0d/unpack-aab0dd64/package.json' }
31 silly rollbackFailedOptional Starting
32 silly rollbackFailedOptional Finishing
33 silly runTopLevelLifecycles Finishing
34 silly install printInstalled
35 verbose stack Error: ENOENT: no such file or directory, open '/Users/apple/Downloads/Website Optimization_zh/–save-dev'
35 verbose stack     at Error (native)
36 verbose cwd /Users/apple/Downloads/Website Optimization_zh
37 error Darwin 16.6.0
38 error argv "/usr/local/bin/node" "/usr/local/bin/npm" "install" "ngrok" "–save-dev"
39 error node v6.11.2
40 error npm  v3.10.10
41 error path /Users/apple/Downloads/Website Optimization_zh/–save-dev
42 error code ENOENT
43 error errno -2
44 error syscall open
45 error enoent ENOENT: no such file or directory, open '/Users/apple/Downloads/Website Optimization_zh/–save-dev'
46 error enoent ENOENT: no such file or directory, open '/Users/apple/Downloads/Website Optimization_zh/–save-dev'
46 error enoent This is most likely not a problem with npm itself
46 error enoent and is related to npm not being able to find a file.
47 verbose exit [ -2, true ]
